d:\projects\c++\shop\shop\debug\vc120.pdb
d:\projects\c++\shop\shop\debug\vc120.idb
d:\projects\c++\shop\shop\debug\main.obj
d:\projects\c++\shop\shop\debug\authorization_checker.obj
d:\projects\c++\shop\shop\debug\addproduct.obj
d:\projects\c++\shop\shop\debug\addpr.obj
d:\projects\c++\shop\debug\shop.pdb
d:\projects\c++\shop\shop\debug\shop.tlog\cl.command.1.tlog
d:\projects\c++\shop\shop\debug\shop.tlog\cl.read.1.tlog
d:\projects\c++\shop\shop\debug\shop.tlog\cl.write.1.tlog
d:\projects\c++\shop\shop\debug\shop.tlog\link-cvtres.read.1.tlog
d:\projects\c++\shop\shop\debug\shop.tlog\link-cvtres.write.1.tlog
d:\projects\c++\shop\shop\debug\shop.tlog\link-rc.read.1.tlog
d:\projects\c++\shop\shop\debug\shop.tlog\link-rc.write.1.tlog
d:\projects\c++\shop\shop\debug\shop.tlog\link.7664-cvtres.read.1.tlog
d:\projects\c++\shop\shop\debug\shop.tlog\link.7664-cvtres.write.1.tlog
d:\projects\c++\shop\shop\debug\shop.tlog\link.7664-rc.read.1.tlog
d:\projects\c++\shop\shop\debug\shop.tlog\link.7664-rc.write.1.tlog
d:\projects\c++\shop\shop\debug\shop.tlog\link.7664.read.1.tlog
d:\projects\c++\shop\shop\debug\shop.tlog\link.7664.write.1.tlog
d:\projects\c++\shop\shop\debug\shop.tlog\link.command.1.tlog
d:\projects\c++\shop\shop\debug\shop.tlog\link.read.1.tlog
d:\projects\c++\shop\shop\debug\shop.tlog\link.write.1.tlog
