Build started 19-Aug-19 7:52:17 PM.
     1>Project "D:\Projects\C++\Shop\Shop\Shop.vcxproj" on node 2 (Build target(s)).
     1>ClCompile:
         C:\Program Files (x86)\Microsoft Visual Studio 12.0\VC\bin\CL.exe /c /ZI /nologo /W3 /WX- /sdl /Od /Oy- /D _MBCS /Gm /EHsc /RTC1 /MDd /GS /fp:precise /Zc:wchar_t /Zc:forScope /Fo"Debug\\" /Fd"Debug\vc120.pdb" /Gd /TP /analyze- /errorReport:prompt AddProduct.cpp Counter.cpp Main.cpp Purchase.cpp
         Purchase.cpp
         Counter.cpp
         Generating Code...
         Compiling...
         Main.cpp
         AddProduct.cpp
         Generating Code...
       Link:
         C:\Program Files (x86)\Microsoft Visual Studio 12.0\VC\bin\link.exe /ERRORREPORT:PROMPT /OUT:"D:\Projects\C++\Shop\Debug\Shop.exe" /INCREMENTAL /NOLOGO kernel32.lib user32.lib gdi32.lib winspool.lib comdlg32.lib advapi32.lib shell32.lib ole32.lib oleaut32.lib uuid.lib odbc32.lib odbccp32.lib /MANIFEST /MANIFESTUAC:"level='asInvoker' uiAccess='false'" /manifest:embed /DEBUG /PDB:"D:\Projects\C++\Shop\Debug\Shop.pdb" /TLBID:1 /DYNAMICBASE /NXCOMPAT /IMPLIB:"D:\Projects\C++\Shop\Debug\Shop.lib" /MACHINE:X86 Debug\AddProduct.obj
         Debug\Counter.obj
         Debug\Main.obj
         Debug\Purchase.obj
         Shop.vcxproj -> D:\Projects\C++\Shop\Debug\Shop.exe
     1>Done Building Project "D:\Projects\C++\Shop\Shop\Shop.vcxproj" (Build target(s)).

Build succeeded.

Time Elapsed 00:00:14.54
